DEBUG::Comp1::2021-01-04 21:36:48::INFO::test debug logger
DEBUG::TestComp::2021-01-04 21:36:48::DEBUG::before calling pre sub functions
DEBUG::TestComp::2021-01-04 21:36:48::DEBUG::some demo pre function
DEBUG::TestComp::2021-01-04 21:36:48::DEBUG::after calling pre sub functions
DEBUG::TestComp::2021-01-04 21:36:48::DEBUG::before calling post sub functions
DEBUG::TestComp::2021-01-04 21:36:48::DEBUG::some demo post function
DEBUG::TestComp::2021-01-04 21:36:48::DEBUG::after calling post sub functions
DEBUG::auth_proxy::2021-01-04 21:36:49::DEBUG::before calling pre sub functions
DEBUG::auth_proxy::2021-01-04 21:36:49::DEBUG::executing pre function
DEBUG::auth_proxy::2021-01-04 21:36:49::DEBUG::after calling pre sub functions
DEBUG::auth_proxy::2021-01-04 21:36:49::DEBUG::before calling sub component
DEBUG::guardia_api::2021-01-04 21:36:49::DEBUG::before calling pre sub functions
DEBUG::guardia_api::2021-01-04 21:36:49::DEBUG::executing pre function
DEBUG::guardia_api::2021-01-04 21:36:49::DEBUG::after calling pre sub functions
DEBUG::guardia_api::2021-01-04 21:36:49::DEBUG::before calling sub component
DEBUG::email_service::2021-01-04 21:36:49::DEBUG::before calling pre sub functions
DEBUG::email_service::2021-01-04 21:36:49::DEBUG::executing pre function
DEBUG::email_service::2021-01-04 21:36:49::DEBUG::after calling pre sub functions
DEBUG::email_service::2021-01-04 21:36:49::DEBUG::before calling sub component
DEBUG::indicator_parser::2021-01-04 21:36:49::DEBUG::before calling pre sub functions
DEBUG::indicator_parser::2021-01-04 21:36:49::DEBUG::executing pre function
DEBUG::indicator_parser::2021-01-04 21:36:49::DEBUG::after calling pre sub functions
DEBUG::indicator_parser::2021-01-04 21:36:49::DEBUG::before calling sub component
DEBUG::worker::2021-01-04 21:36:49::DEBUG::before calling pre sub functions
DEBUG::worker::2021-01-04 21:36:49::DEBUG::executing pre function
DEBUG::worker::2021-01-04 21:36:49::DEBUG::after calling pre sub functions
DEBUG::worker::2021-01-04 21:36:49::DEBUG::before calling sub component
DEBUG::workflow_engine::2021-01-04 21:36:49::DEBUG::before calling pre sub functions
DEBUG::workflow_engine::2021-01-04 21:36:49::DEBUG::executing pre function
DEBUG::workflow_engine::2021-01-04 21:36:49::DEBUG::after calling pre sub functions
DEBUG::workflow_engine::2021-01-04 21:36:49::DEBUG::before calling sub component
DEBUG::analytics::2021-01-04 21:36:49::DEBUG::before calling pre sub functions
DEBUG::analytics::2021-01-04 21:36:49::DEBUG::executing pre function
DEBUG::analytics::2021-01-04 21:36:49::DEBUG::after calling pre sub functions
DEBUG::analytics::2021-01-04 21:36:49::DEBUG::before calling sub component
DEBUG::correlator::2021-01-04 21:36:49::DEBUG::before calling pre sub functions
DEBUG::correlator::2021-01-04 21:36:49::DEBUG::executing pre function
DEBUG::correlator::2021-01-04 21:36:49::DEBUG::after calling pre sub functions
DEBUG::correlator::2021-01-04 21:36:49::DEBUG::before calling sub component
DEBUG::notification_service::2021-01-04 21:36:49::DEBUG::before calling pre sub functions
DEBUG::notification_service::2021-01-04 21:36:49::DEBUG::executing pre function
DEBUG::notification_service::2021-01-04 21:36:49::DEBUG::after calling pre sub functions
DEBUG::notification_service::2021-01-04 21:36:49::DEBUG::before calling post sub functions
DEBUG::notification_service::2021-01-04 21:36:49::DEBUG::executing post function
DEBUG::notification_service::2021-01-04 21:36:49::DEBUG::after calling post sub functions
DEBUG::correlator::2021-01-04 21:36:49::DEBUG::after calling sub component
DEBUG::correlator::2021-01-04 21:36:49::DEBUG::before calling post sub functions
DEBUG::correlator::2021-01-04 21:36:49::DEBUG::executing post function
DEBUG::correlator::2021-01-04 21:36:49::DEBUG::after calling post sub functions
DEBUG::analytics::2021-01-04 21:36:49::DEBUG::after calling sub component
DEBUG::analytics::2021-01-04 21:36:49::DEBUG::before calling post sub functions
DEBUG::analytics::2021-01-04 21:36:49::DEBUG::executing post function
DEBUG::analytics::2021-01-04 21:36:49::DEBUG::after calling post sub functions
DEBUG::workflow_engine::2021-01-04 21:36:49::DEBUG::after calling sub component
DEBUG::workflow_engine::2021-01-04 21:36:49::DEBUG::before calling post sub functions
DEBUG::workflow_engine::2021-01-04 21:36:49::DEBUG::executing post function
DEBUG::workflow_engine::2021-01-04 21:36:49::DEBUG::after calling post sub functions
DEBUG::worker::2021-01-04 21:36:49::DEBUG::after calling sub component
DEBUG::worker::2021-01-04 21:36:49::DEBUG::before calling post sub functions
DEBUG::worker::2021-01-04 21:36:49::DEBUG::executing post function
DEBUG::worker::2021-01-04 21:36:49::DEBUG::after calling post sub functions
DEBUG::indicator_parser::2021-01-04 21:36:49::DEBUG::after calling sub component
DEBUG::indicator_parser::2021-01-04 21:36:49::DEBUG::before calling post sub functions
DEBUG::indicator_parser::2021-01-04 21:36:49::DEBUG::executing post function
DEBUG::indicator_parser::2021-01-04 21:36:49::DEBUG::after calling post sub functions
DEBUG::email_service::2021-01-04 21:36:49::DEBUG::after calling sub component
DEBUG::email_service::2021-01-04 21:36:49::DEBUG::before calling post sub functions
DEBUG::email_service::2021-01-04 21:36:49::DEBUG::executing post function
DEBUG::email_service::2021-01-04 21:36:49::DEBUG::after calling post sub functions
DEBUG::guardia_api::2021-01-04 21:36:49::DEBUG::after calling sub component
DEBUG::guardia_api::2021-01-04 21:36:49::DEBUG::before calling post sub functions
DEBUG::guardia_api::2021-01-04 21:36:49::DEBUG::executing post function
DEBUG::guardia_api::2021-01-04 21:36:49::DEBUG::after calling post sub functions
DEBUG::auth_proxy::2021-01-04 21:36:49::DEBUG::after calling sub component
DEBUG::auth_proxy::2021-01-04 21:36:49::DEBUG::before calling post sub functions
DEBUG::auth_proxy::2021-01-04 21:36:49::DEBUG::executing post function
DEBUG::auth_proxy::2021-01-04 21:36:49::DEBUG::after calling post sub functions
DEBUG::auth_proxy::2021-01-04 21:36:49::DEBUG::before calling pre sub functions
DEBUG::auth_proxy::2021-01-04 21:36:49::DEBUG::executing pre function
DEBUG::auth_proxy::2021-01-04 21:36:49::DEBUG::after calling pre sub functions
DEBUG::auth_proxy::2021-01-04 21:36:49::DEBUG::before calling sub component
DEBUG::guardia_api::2021-01-04 21:36:49::DEBUG::before calling pre sub functions
DEBUG::guardia_api::2021-01-04 21:36:49::DEBUG::executing pre function
DEBUG::guardia_api::2021-01-04 21:36:49::DEBUG::after calling pre sub functions
DEBUG::guardia_api::2021-01-04 21:36:49::DEBUG::before calling sub component
DEBUG::email_service::2021-01-04 21:36:49::DEBUG::before calling pre sub functions
DEBUG::email_service::2021-01-04 21:36:49::DEBUG::executing pre function
DEBUG::email_service::2021-01-04 21:36:49::DEBUG::after calling pre sub functions
DEBUG::email_service::2021-01-04 21:36:49::DEBUG::before calling sub component
DEBUG::indicator_parser::2021-01-04 21:36:49::DEBUG::before calling pre sub functions
DEBUG::indicator_parser::2021-01-04 21:36:49::DEBUG::executing pre function
DEBUG::indicator_parser::2021-01-04 21:36:49::DEBUG::after calling pre sub functions
DEBUG::indicator_parser::2021-01-04 21:36:49::DEBUG::before calling sub component
DEBUG::worker::2021-01-04 21:36:49::DEBUG::before calling pre sub functions
DEBUG::worker::2021-01-04 21:36:49::DEBUG::executing pre function
DEBUG::worker::2021-01-04 21:36:49::DEBUG::after calling pre sub functions
DEBUG::worker::2021-01-04 21:36:49::DEBUG::before calling sub component
DEBUG::workflow_engine::2021-01-04 21:36:49::DEBUG::before calling pre sub functions
DEBUG::workflow_engine::2021-01-04 21:36:49::DEBUG::executing pre function
DEBUG::workflow_engine::2021-01-04 21:36:49::DEBUG::after calling pre sub functions
DEBUG::workflow_engine::2021-01-04 21:36:49::DEBUG::before calling sub component
DEBUG::analytics::2021-01-04 21:36:49::DEBUG::before calling pre sub functions
DEBUG::analytics::2021-01-04 21:36:49::DEBUG::executing pre function
DEBUG::analytics::2021-01-04 21:36:49::DEBUG::after calling pre sub functions
DEBUG::analytics::2021-01-04 21:36:49::DEBUG::before calling sub component
DEBUG::correlator::2021-01-04 21:36:49::DEBUG::before calling pre sub functions
DEBUG::correlator::2021-01-04 21:36:49::DEBUG::executing pre function
DEBUG::correlator::2021-01-04 21:36:49::DEBUG::after calling pre sub functions
DEBUG::correlator::2021-01-04 21:36:49::DEBUG::before calling sub component
DEBUG::notification_service::2021-01-04 21:36:49::DEBUG::before calling pre sub functions
DEBUG::notification_service::2021-01-04 21:36:49::DEBUG::executing pre function
DEBUG::notification_service::2021-01-04 21:36:49::DEBUG::after calling pre sub functions
DEBUG::notification_service::2021-01-04 21:36:49::DEBUG::before calling post sub functions
DEBUG::notification_service::2021-01-04 21:36:49::DEBUG::executing post function
DEBUG::notification_service::2021-01-04 21:36:49::DEBUG::after calling post sub functions
DEBUG::correlator::2021-01-04 21:36:49::DEBUG::after calling sub component
DEBUG::correlator::2021-01-04 21:36:49::DEBUG::before calling post sub functions
DEBUG::correlator::2021-01-04 21:36:49::DEBUG::executing post function
DEBUG::correlator::2021-01-04 21:36:49::DEBUG::after calling post sub functions
DEBUG::analytics::2021-01-04 21:36:49::DEBUG::after calling sub component
DEBUG::analytics::2021-01-04 21:36:49::DEBUG::before calling post sub functions
DEBUG::analytics::2021-01-04 21:36:49::DEBUG::executing post function
DEBUG::analytics::2021-01-04 21:36:49::DEBUG::after calling post sub functions
DEBUG::workflow_engine::2021-01-04 21:36:49::DEBUG::after calling sub component
DEBUG::workflow_engine::2021-01-04 21:36:49::DEBUG::before calling post sub functions
DEBUG::workflow_engine::2021-01-04 21:36:49::DEBUG::executing post function
DEBUG::workflow_engine::2021-01-04 21:36:49::DEBUG::after calling post sub functions
DEBUG::worker::2021-01-04 21:36:49::DEBUG::after calling sub component
DEBUG::worker::2021-01-04 21:36:49::DEBUG::before calling post sub functions
DEBUG::worker::2021-01-04 21:36:49::DEBUG::executing post function
DEBUG::worker::2021-01-04 21:36:49::DEBUG::after calling post sub functions
DEBUG::indicator_parser::2021-01-04 21:36:49::DEBUG::after calling sub component
DEBUG::indicator_parser::2021-01-04 21:36:49::DEBUG::before calling post sub functions
DEBUG::indicator_parser::2021-01-04 21:36:49::DEBUG::executing post function
DEBUG::indicator_parser::2021-01-04 21:36:49::DEBUG::after calling post sub functions
DEBUG::email_service::2021-01-04 21:36:49::DEBUG::after calling sub component
DEBUG::email_service::2021-01-04 21:36:49::DEBUG::before calling post sub functions
DEBUG::email_service::2021-01-04 21:36:49::DEBUG::executing post function
DEBUG::email_service::2021-01-04 21:36:49::DEBUG::after calling post sub functions
DEBUG::guardia_api::2021-01-04 21:36:49::DEBUG::after calling sub component
DEBUG::guardia_api::2021-01-04 21:36:49::DEBUG::before calling post sub functions
DEBUG::guardia_api::2021-01-04 21:36:49::DEBUG::executing post function
DEBUG::guardia_api::2021-01-04 21:36:49::DEBUG::after calling post sub functions
DEBUG::auth_proxy::2021-01-04 21:36:49::DEBUG::after calling sub component
DEBUG::auth_proxy::2021-01-04 21:36:49::DEBUG::before calling post sub functions
DEBUG::auth_proxy::2021-01-04 21:36:49::DEBUG::executing post function
DEBUG::auth_proxy::2021-01-04 21:36:49::DEBUG::after calling post sub functions
