CASE::id 1::2021-01-04 21:36:49.396199::count 2::DEBUG::executed pre function of component auth_proxy
CASE::id 1::2021-01-04 21:36:49.496199::count 3::DEBUG::executed pre function of component guardia_api
CASE::id 1::2021-01-04 21:36:49.596199::count 4::DEBUG::executed pre function of component email_service
CASE::id 1::2021-01-04 21:36:49.696199::count 5::DEBUG::executed pre function of component indicator_parser
CASE::id 1::2021-01-04 21:36:49.796199::count 6::DEBUG::executed pre function of component worker
CASE::id 1::2021-01-04 21:36:49.896199::count 7::DEBUG::executed pre function of component workflow_engine
CASE::id 1::2021-01-04 21:36:49.996199::count 8::DEBUG::executed pre function of component analytics
CASE::id 1::2021-01-04 21:36:50.096199::count 9::DEBUG::executed pre function of component correlator
CASE::id 1::2021-01-04 21:36:51.896199::count 10::DEBUG::executed pre function of component notification_service
CASE::id 1::2021-01-04 21:36:51.996199::count 11::DEBUG::executed post function of component notification_service
CASE::id 1::2021-01-04 21:36:52.096199::count 12::DEBUG::executed post function of component correlator
CASE::id 1::2021-01-04 21:36:52.196199::count 13::DEBUG::executed post function of component analytics
CASE::id 1::2021-01-04 21:36:52.296199::count 14::DEBUG::executed post function of component workflow_engine
CASE::id 1::2021-01-04 21:36:52.396199::count 15::DEBUG::executed post function of component worker
CASE::id 1::2021-01-04 21:36:52.496199::count 16::DEBUG::executed post function of component indicator_parser
CASE::id 1::2021-01-04 21:36:53.396199::count 17::DEBUG::executed post function of component email_service
CASE::id 1::2021-01-04 21:36:53.496199::count 18::DEBUG::executed post function of component guardia_api
CASE::id 1::2021-01-04 21:36:53.596199::count 19::DEBUG::executed post function of component auth_proxy
CASE::id 1::2021-01-05 11:34:36.163235::count 2::DEBUG::executed pre function of component auth_proxy
CASE::id 1::2021-01-05 11:34:36.263235::count 3::DEBUG::executed pre function of component guardia_api
CASE::id 1::2021-01-05 11:34:36.363235::count 4::DEBUG::executed pre function of component email_service
CASE::id 1::2021-01-05 11:34:36.463235::count 5::DEBUG::executed pre function of component indicator_parser
CASE::id 1::2021-01-05 11:34:36.863235::count 6::DEBUG::executed pre function of component worker
CASE::id 1::2021-01-05 11:34:36.963235::count 7::DEBUG::executed pre function of component workflow_engine
CASE::id 1::2021-01-05 11:34:37.063235::count 8::DEBUG::executed pre function of component analytics
CASE::id 1::2021-01-05 11:34:37.663235::count 9::DEBUG::executed pre function of component correlator
CASE::id 1::2021-01-05 11:34:39.463235::count 10::DEBUG::executed pre function of component notification_service
CASE::id 1::2021-01-05 11:34:39.563235::count 11::DEBUG::executed post function of component notification_service
CASE::id 1::2021-01-05 11:34:43.163235::count 12::DEBUG::executed post function of component correlator
CASE::id 1::2021-01-05 11:34:43.263235::count 13::DEBUG::executed post function of component analytics
CASE::id 1::2021-01-05 11:34:43.363235::count 14::DEBUG::executed post function of component workflow_engine
CASE::id 1::2021-01-05 11:34:43.663235::count 15::DEBUG::executed post function of component worker
CASE::id 1::2021-01-05 11:34:43.763235::count 16::DEBUG::executed post function of component indicator_parser
CASE::id 1::2021-01-05 11:34:43.863235::count 17::DEBUG::executed post function of component email_service
CASE::id 1::2021-01-05 11:34:43.963235::count 18::DEBUG::executed post function of component guardia_api
CASE::id 1::2021-01-05 11:34:44.063235::count 19::DEBUG::executed post function of component auth_proxy
CASE::id 1::2021-01-05 11:37:44.630360::count 2::DEBUG::executed pre function of component auth_proxy
CASE::id 1::2021-01-05 11:37:44.730360::count 3::DEBUG::executed pre function of component guardia_api
CASE::id 1::2021-01-05 11:37:44.830360::count 4::DEBUG::executed pre function of component email_service
CASE::id 1::2021-01-05 11:37:44.930360::count 5::DEBUG::executed pre function of component indicator_parser
CASE::id 1::2021-01-05 11:37:45.030360::count 6::DEBUG::executed pre function of component worker
CASE::id 1::2021-01-05 11:37:45.730360::count 7::DEBUG::executed pre function of component workflow_engine
CASE::id 1::2021-01-05 11:37:46.330360::count 8::DEBUG::executed pre function of component analytics
CASE::id 1::2021-01-05 11:37:46.430360::count 9::DEBUG::executed pre function of component correlator
CASE::id 1::2021-01-05 11:37:46.530360::count 10::DEBUG::executed pre function of component notification_service
CASE::id 1::2021-01-05 11:37:46.630360::count 11::DEBUG::executed post function of component notification_service
CASE::id 1::2021-01-05 11:37:46.730360::count 12::DEBUG::executed post function of component correlator
CASE::id 1::2021-01-05 11:37:46.830360::count 13::DEBUG::executed post function of component analytics
CASE::id 1::2021-01-05 11:37:46.930360::count 14::DEBUG::executed post function of component workflow_engine
CASE::id 1::2021-01-05 11:37:47.030360::count 15::DEBUG::executed post function of component worker
CASE::id 1::2021-01-05 11:37:48.030360::count 16::DEBUG::executed post function of component indicator_parser
CASE::id 1::2021-01-05 11:37:48.130360::count 17::DEBUG::executed post function of component email_service
CASE::id 1::2021-01-05 11:37:48.230360::count 18::DEBUG::executed post function of component guardia_api
CASE::id 1::2021-01-05 11:37:48.330360::count 19::DEBUG::executed post function of component auth_proxy
