CASE::id 1::2021-01-04 21:36:50.238262::count 2::DEBUG::executed pre function of component auth_proxy
CASE::id 1::2021-01-04 21:36:50.338262::count 3::DEBUG::executed pre function of component guardia_api
CASE::id 1::2021-01-04 21:36:50.438262::count 4::DEBUG::executed pre function of component email_service
CASE::id 1::2021-01-04 21:36:50.538262::count 5::DEBUG::executed pre function of component indicator_parser
CASE::id 1::2021-01-04 21:36:50.638262::count 6::DEBUG::executed pre function of component worker
CASE::id 1::2021-01-04 21:36:50.738262::count 7::DEBUG::executed pre function of component workflow_engine
CASE::id 1::2021-01-04 21:36:50.838262::count 8::DEBUG::executed pre function of component analytics
CASE::id 1::2021-01-04 21:36:50.938262::count 9::DEBUG::executed pre function of component correlator
CASE::id 1::2021-01-04 21:36:51.038262::count 10::DEBUG::executed pre function of component notification_service
CASE::id 1::2021-01-04 21:36:51.138262::count 11::DEBUG::executed post function of component notification_service
CASE::id 1::2021-01-04 21:36:52.738262::count 12::DEBUG::executed post function of component correlator
CASE::id 1::2021-01-04 21:36:52.838262::count 13::DEBUG::executed post function of component analytics
CASE::id 1::2021-01-04 21:36:52.938262::count 14::DEBUG::executed post function of component workflow_engine
CASE::id 1::2021-01-04 21:36:53.038262::count 15::DEBUG::executed post function of component worker
CASE::id 1::2021-01-04 21:36:53.138262::count 16::DEBUG::executed post function of component indicator_parser
CASE::id 1::2021-01-04 21:36:53.238262::count 17::DEBUG::executed post function of component email_service
CASE::id 1::2021-01-04 21:36:53.338262::count 18::DEBUG::executed post function of component guardia_api
CASE::id 1::2021-01-04 21:36:53.438262::count 19::DEBUG::executed post function of component auth_proxy
CASE::id 1::2021-01-05 11:33:34.353140::count 2::DEBUG::executed pre function of component auth_proxy
CASE::id 1::2021-01-05 11:33:34.453140::count 3::DEBUG::executed pre function of component guardia_api
CASE::id 1::2021-01-05 11:33:34.553140::count 4::DEBUG::executed pre function of component email_service
CASE::id 1::2021-01-05 11:33:34.653140::count 5::DEBUG::executed pre function of component indicator_parser
CASE::id 1::2021-01-05 11:33:34.753140::count 6::DEBUG::executed pre function of component worker
CASE::id 1::2021-01-05 11:33:34.853140::count 7::DEBUG::executed pre function of component workflow_engine
CASE::id 1::2021-01-05 11:33:34.953140::count 8::DEBUG::executed pre function of component analytics
CASE::id 1::2021-01-05 11:33:35.053140::count 9::DEBUG::executed pre function of component correlator
CASE::id 1::2021-01-05 11:33:35.153140::count 10::DEBUG::executed pre function of component notification_service
CASE::id 1::2021-01-05 11:33:35.253140::count 11::DEBUG::executed post function of component notification_service
CASE::id 1::2021-01-05 11:33:35.353140::count 12::DEBUG::executed post function of component correlator
CASE::id 1::2021-01-05 11:33:35.453140::count 13::DEBUG::executed post function of component analytics
CASE::id 1::2021-01-05 11:33:35.853140::count 14::DEBUG::executed post function of component workflow_engine
CASE::id 1::2021-01-05 11:33:35.953140::count 15::DEBUG::executed post function of component worker
CASE::id 1::2021-01-05 11:33:37.253140::count 16::DEBUG::executed post function of component indicator_parser
CASE::id 1::2021-01-05 11:33:37.353140::count 17::DEBUG::executed post function of component email_service
CASE::id 1::2021-01-05 11:33:37.453140::count 18::DEBUG::executed post function of component guardia_api
CASE::id 1::2021-01-05 11:33:38.153140::count 19::DEBUG::executed post function of component auth_proxy
CASE::id 1::2021-01-05 11:37:38.989062::count 2::DEBUG::executed pre function of component auth_proxy
CASE::id 1::2021-01-05 11:37:39.089062::count 3::DEBUG::executed pre function of component guardia_api
CASE::id 1::2021-01-05 11:37:39.189062::count 4::DEBUG::executed pre function of component email_service
CASE::id 1::2021-01-05 11:37:39.289062::count 5::DEBUG::executed pre function of component indicator_parser
CASE::id 1::2021-01-05 11:37:39.389062::count 6::DEBUG::executed pre function of component worker
CASE::id 1::2021-01-05 11:37:39.489062::count 7::DEBUG::executed pre function of component workflow_engine
CASE::id 1::2021-01-05 11:37:39.589062::count 8::DEBUG::executed pre function of component analytics
CASE::id 1::2021-01-05 11:37:39.689062::count 9::DEBUG::executed pre function of component correlator
CASE::id 1::2021-01-05 11:37:39.789062::count 10::DEBUG::executed pre function of component notification_service
CASE::id 1::2021-01-05 11:37:39.889062::count 11::DEBUG::executed post function of component notification_service
CASE::id 1::2021-01-05 11:37:39.889062::count 12::DEBUG::executed post function of component correlator
CASE::id 1::2021-01-05 11:37:39.989062::count 13::DEBUG::executed post function of component analytics
CASE::id 1::2021-01-05 11:37:40.089062::count 14::DEBUG::executed post function of component workflow_engine
CASE::id 1::2021-01-05 11:37:40.289062::count 15::DEBUG::executed post function of component worker
CASE::id 1::2021-01-05 11:37:40.389062::count 16::DEBUG::executed post function of component indicator_parser
CASE::id 1::2021-01-05 11:37:40.489062::count 17::DEBUG::executed post function of component email_service
CASE::id 1::2021-01-05 11:37:40.589062::count 18::DEBUG::executed post function of component guardia_api
CASE::id 1::2021-01-05 11:37:40.689062::count 19::DEBUG::executed post function of component auth_proxy
